<?xml version="1.0" encoding="UTF-8"?>
<!-- Generated by org.testng.reporters.JUnitReportReporter -->
<testsuite hostname="DESKTOP-U15TEL8" failures="0" tests="13" name="com.qa.qatask.testCASES.DashboardTest" time="22.684" errors="0" timestamp="2021-08-16T11:37:15 CEST" skipped="1">
  <testcase classname="com.qa.qatask.testCASES.DashboardTest" name="verifycloseportal" time="0.425"/>
  <system-out/>
  <testcase classname="com.qa.qatask.testCASES.DashboardTest" name="verifyTitle" time="0.014"/>
  <system-out/>
  <testcase classname="com.qa.qatask.testCASES.DashboardTest" name="verifyacceptCookies" time="0.366"/>
  <system-out/>
  <testcase classname="com.qa.qatask.testCASES.DashboardTest" name="verifySearch" time="0.312"/>
  <system-out/>
  <testcase classname="com.qa.qatask.testCASES.DashboardTest" name="verifyclickNike" time="3.820"/>
  <system-out/>
  <testcase classname="com.qa.qatask.testCASES.DashboardTest" name="verifyNikeTextPresent" time="0.727"/>
  <system-out/>
  <testcase classname="com.qa.qatask.testCASES.DashboardTest" name="verifyselectWomenShoes" time="4.546"/>
  <system-out/>
  <testcase classname="com.qa.qatask.testCASES.DashboardTest" name="verifyclearFilter" time="5.407"/>
  <system-out/>
  <testcase classname="com.qa.qatask.testCASES.DashboardTest" name="verifysortByPrice" time="0.882"/>
  <system-out/>
  <testcase classname="com.qa.qatask.testCASES.DashboardTest" name="verifyrespones_selectPrice" time="0.270"/>
  <system-out/>
  <testcase classname="com.qa.qatask.testCASES.DashboardTest" name="verifyrespones_selectPriceRange" time="0.339"/>
  <system-out/>
  <testcase classname="com.qa.qatask.testCASES.DashboardTest" name="verifyitemsWithInpriceRangeData" time="5.576"/>
  <system-out/>
  <testcase classname="com.qa.qatask.testCASES.DashboardTest" name="verifySelectPortal">
    <skipped/>
  </testcase> <!-- verifySelectPortal -->
  <system-out/>
</testsuite> <!-- com.qa.qatask.testCASES.DashboardTest -->
