<?xml version="1.0" encoding="UTF-8"?>
<!-- Generated by org.testng.reporters.JUnitReportReporter -->
<testsuite hostname="DESKTOP-U15TEL8" failures="0" tests="13" name="com.qa.qatask.testCASES.DashboardTest" time="28.038" errors="0" timestamp="2021-08-15T20:18:24 CEST" skipped="1">
  <testcase classname="com.qa.qatask.testCASES.DashboardTest" name="verifycloseportal" time="1.168"/>
  <system-out/>
  <testcase classname="com.qa.qatask.testCASES.DashboardTest" name="verifyTitle" time="0.011"/>
  <system-out/>
  <testcase classname="com.qa.qatask.testCASES.DashboardTest" name="verifyacceptCookies" time="0.669"/>
  <system-out/>
  <testcase classname="com.qa.qatask.testCASES.DashboardTest" name="verifySearch" time="0.230"/>
  <system-out/>
  <testcase classname="com.qa.qatask.testCASES.DashboardTest" name="verifyclickNike" time="4.482"/>
  <system-out/>
  <testcase classname="com.qa.qatask.testCASES.DashboardTest" name="verifyNikeTextPresent" time="1.068"/>
  <system-out/>
  <testcase classname="com.qa.qatask.testCASES.DashboardTest" name="verifselectWomenShoes" time="5.129"/>
  <system-out/>
  <testcase classname="com.qa.qatask.testCASES.DashboardTest" name="verifyclearFilter" time="5.806"/>
  <system-out/>
  <testcase classname="com.qa.qatask.testCASES.DashboardTest" name="verifysortByPrice" time="1.820"/>
  <system-out/>
  <testcase classname="com.qa.qatask.testCASES.DashboardTest" name="verifyselectPrice" time="1.165"/>
  <system-out/>
  <testcase classname="com.qa.qatask.testCASES.DashboardTest" name="verifyselectPriceRange" time="0.224"/>
  <system-out/>
  <testcase classname="com.qa.qatask.testCASES.DashboardTest" name="verifyitemsWithInpriceRangeData" time="6.266"/>
  <system-out/>
  <testcase classname="com.qa.qatask.testCASES.DashboardTest" name="verifyPortal">
    <skipped/>
  </testcase> <!-- verifyPortal -->
  <system-out/>
</testsuite> <!-- com.qa.qatask.testCASES.DashboardTest -->
