<?xml version="1.0" encoding="UTF-8"?>
<!-- Generated by org.testng.reporters.JUnitReportReporter -->
<testsuite hostname="DESKTOP-U15TEL8" failures="0" tests="11" name="com.qa.qatask.testCASES.DashboardTest" time="14.394" errors="1" timestamp="2021-08-12T15:39:18 CEST" skipped="1">
  <testcase classname="com.qa.qatask.testCASES.DashboardTest" name="verifycloseportal" time="0.655"/>
  <system-out/>
  <testcase classname="com.qa.qatask.testCASES.DashboardTest" name="verifyTitle" time="0.009"/>
  <system-out/>
  <testcase classname="com.qa.qatask.testCASES.DashboardTest" name="verifyacceptCookies" time="0.506"/>
  <system-out/>
  <testcase classname="com.qa.qatask.testCASES.DashboardTest" name="verifySearch" time="0.144"/>
  <system-out/>
  <testcase classname="com.qa.qatask.testCASES.DashboardTest" name="verifyclickNike" time="3.088"/>
  <system-out/>
  <testcase classname="com.qa.qatask.testCASES.DashboardTest" name="verifyNikeTextPresent" time="0.575"/>
  <system-out/>
  <testcase classname="com.qa.qatask.testCASES.DashboardTest" name="verifselectWomenShoes" time="3.362"/>
  <system-out/>
  <testcase classname="com.qa.qatask.testCASES.DashboardTest" name="verifclearFilter" time="5.343"/>
  <system-out/>
  <testcase classname="com.qa.qatask.testCASES.DashboardTest" name="verifsorByPrice" time="0.668"/>
  <system-out/>
  <testcase classname="com.qa.qatask.testCASES.DashboardTest" name="verifyIsSortedByPrice" time="0.044">
    <error message="For input string: &quot;£5.00&quot;" type="java.lang.NumberFormatException">
      <![CDATA[java.lang.NumberFormatException: For input string: "£5.00"
at java.base/java.lang.NumberFormatException.forInputString(NumberFormatException.java:67)
at java.base/java.lang.Integer.parseInt(Integer.java:660)
at java.base/java.lang.Integer.parseInt(Integer.java:778)
at com.qa.qatask.pages.Dashboard.isSortedByPrice(Dashboard.java:141)
at com.qa.qatask.testCASES.DashboardTest.verifyIsSortedByPrice(DashboardTest.java:103)
at java.base/jdk.internal.reflect.NativeMethodAccessorImpl.invoke0(Native Method)
at java.base/jdk.internal.reflect.NativeMethodAccessorImpl.invoke(NativeMethodAccessorImpl.java:78)
at java.base/jdk.internal.reflect.DelegatingMethodAccessorImpl.invoke(DelegatingMethodAccessorImpl.java:43)
at java.base/java.lang.reflect.Method.invoke(Method.java:567)
at org.testng.internal.MethodInvocationHelper.invokeMethod(MethodInvocationHelper.java:133)
at org.testng.internal.TestInvoker.invokeMethod(TestInvoker.java:598)
at org.testng.internal.TestInvoker.invokeTestMethod(TestInvoker.java:173)
at org.testng.internal.MethodRunner.runInSequence(MethodRunner.java:46)
at org.testng.internal.TestInvoker$MethodInvocationAgent.invoke(TestInvoker.java:824)
at org.testng.internal.TestInvoker.invokeTestMethods(TestInvoker.java:146)
at org.testng.internal.TestMethodWorker.invokeTestMethods(TestMethodWorker.java:146)
at org.testng.internal.TestMethodWorker.run(TestMethodWorker.java:128)
at java.base/java.util.ArrayList.forEach(ArrayList.java:1511)
at org.testng.TestRunner.privateRun(TestRunner.java:794)
at org.testng.TestRunner.run(TestRunner.java:596)
at org.testng.SuiteRunner.runTest(SuiteRunner.java:377)
at org.testng.SuiteRunner.runSequentially(SuiteRunner.java:371)
at org.testng.SuiteRunner.privateRun(SuiteRunner.java:332)
at org.testng.SuiteRunner.run(SuiteRunner.java:276)
at org.testng.SuiteRunnerWorker.runSuite(SuiteRunnerWorker.java:53)
at org.testng.SuiteRunnerWorker.run(SuiteRunnerWorker.java:96)
at org.testng.TestNG.runSuitesSequentially(TestNG.java:1212)
at org.testng.TestNG.runSuitesLocally(TestNG.java:1134)
at org.testng.TestNG.runSuites(TestNG.java:1063)
at org.testng.TestNG.run(TestNG.java:1031)
at org.apache.maven.surefire.testng.TestNGExecutor.run(TestNGExecutor.java:135)
at org.apache.maven.surefire.testng.TestNGDirectoryTestSuite.executeMulti(TestNGDirectoryTestSuite.java:193)
at org.apache.maven.surefire.testng.TestNGDirectoryTestSuite.execute(TestNGDirectoryTestSuite.java:94)
at org.apache.maven.surefire.testng.TestNGProvider.invoke(TestNGProvider.java:146)
at org.apache.maven.surefire.booter.ForkedBooter.invokeProviderInSameClassLoader(ForkedBooter.java:384)
at org.apache.maven.surefire.booter.ForkedBooter.runSuitesInProcess(ForkedBooter.java:345)
at org.apache.maven.surefire.booter.ForkedBooter.execute(ForkedBooter.java:126)
at org.apache.maven.surefire.booter.ForkedBooter.main(ForkedBooter.java:418)
]]>
    </error>
  </testcase> <!-- verifyIsSortedByPrice -->
  <system-out/>
  <testcase classname="com.qa.qatask.testCASES.DashboardTest" name="verifyPortal">
    <skipped/>
  </testcase> <!-- verifyPortal -->
  <system-out/>
</testsuite> <!-- com.qa.qatask.testCASES.DashboardTest -->
