<?xml version="1.0" encoding="UTF-8"?>
<!-- Generated by org.testng.reporters.JUnitReportReporter -->
<testsuite hostname="DESKTOP-U15TEL8" failures="0" tests="13" name="com.qa.qatask.testCASES.DashboardTest" time="21.172" errors="0" timestamp="2021-08-16T11:55:17 CEST" skipped="1">
  <testcase classname="com.qa.qatask.testCASES.DashboardTest" name="verify_closeportal" time="0.838"/>
  <system-out/>
  <testcase classname="com.qa.qatask.testCASES.DashboardTest" name="verify_Title" time="0.011"/>
  <system-out/>
  <testcase classname="com.qa.qatask.testCASES.DashboardTest" name="verify_acceptCookies" time="0.399"/>
  <system-out/>
  <testcase classname="com.qa.qatask.testCASES.DashboardTest" name="verify_search" time="0.249"/>
  <system-out/>
  <testcase classname="com.qa.qatask.testCASES.DashboardTest" name="verify_clickNike" time="3.252"/>
  <system-out/>
  <testcase classname="com.qa.qatask.testCASES.DashboardTest" name="verify_isNikeTextPresent" time="0.628"/>
  <system-out/>
  <testcase classname="com.qa.qatask.testCASES.DashboardTest" name="verify_selectWomenShoes" time="3.376"/>
  <system-out/>
  <testcase classname="com.qa.qatask.testCASES.DashboardTest" name="verify_clearFilter" time="5.373"/>
  <system-out/>
  <testcase classname="com.qa.qatask.testCASES.DashboardTest" name="verify_sortByPriceClick" time="0.689"/>
  <system-out/>
  <testcase classname="com.qa.qatask.testCASES.DashboardTest" name="verify_selectPrice" time="0.349"/>
  <system-out/>
  <testcase classname="com.qa.qatask.testCASES.DashboardTest" name="verify_selectPriceRange" time="0.190"/>
  <system-out/>
  <testcase classname="com.qa.qatask.testCASES.DashboardTest" name="verify_itemsWithInpriceRangeData" time="5.818"/>
  <system-out/>
  <testcase classname="com.qa.qatask.testCASES.DashboardTest" name="verify_selectPortal">
    <skipped/>
  </testcase> <!-- verify_selectPortal -->
  <system-out/>
</testsuite> <!-- com.qa.qatask.testCASES.DashboardTest -->
