<?xml version="1.0" encoding="UTF-8"?>
<!-- Generated by org.testng.reporters.JUnitReportReporter -->
<testsuite hostname="DESKTOP-U15TEL8" failures="0" tests="13" name="com.qa.qatask.testCASES.DashboardTest" time="23.468" errors="0" timestamp="2021-08-14T18:26:14 CEST" skipped="1">
  <testcase classname="com.qa.qatask.testCASES.DashboardTest" name="verifycloseportal" time="0.870"/>
  <system-out/>
  <testcase classname="com.qa.qatask.testCASES.DashboardTest" name="verifyTitle" time="0.008"/>
  <system-out/>
  <testcase classname="com.qa.qatask.testCASES.DashboardTest" name="verifyacceptCookies" time="0.399"/>
  <system-out/>
  <testcase classname="com.qa.qatask.testCASES.DashboardTest" name="verifySearch" time="0.231"/>
  <system-out/>
  <testcase classname="com.qa.qatask.testCASES.DashboardTest" name="verifyclickNike" time="4.130"/>
  <system-out/>
  <testcase classname="com.qa.qatask.testCASES.DashboardTest" name="verifyNikeTextPresent" time="0.933"/>
  <system-out/>
  <testcase classname="com.qa.qatask.testCASES.DashboardTest" name="verifselectWomenShoes" time="3.506"/>
  <system-out/>
  <testcase classname="com.qa.qatask.testCASES.DashboardTest" name="verifyclearFilter" time="5.408"/>
  <system-out/>
  <testcase classname="com.qa.qatask.testCASES.DashboardTest" name="verifysortByPrice" time="1.300"/>
  <system-out/>
  <testcase classname="com.qa.qatask.testCASES.DashboardTest" name="verifyselectPrice" time="0.331"/>
  <system-out/>
  <testcase classname="com.qa.qatask.testCASES.DashboardTest" name="verifyselectPriceRange" time="0.549"/>
  <system-out/>
  <testcase classname="com.qa.qatask.testCASES.DashboardTest" name="verifyitemsWithInpriceRangeData" time="5.803"/>
  <system-out/>
  <testcase classname="com.qa.qatask.testCASES.DashboardTest" name="verifyPortal">
    <skipped/>
  </testcase> <!-- verifyPortal -->
  <system-out/>
</testsuite> <!-- com.qa.qatask.testCASES.DashboardTest -->
