<?xml version="1.0" encoding="UTF-8"?>
<!-- Generated by org.testng.reporters.JUnitReportReporter -->
<testsuite hostname="DESKTOP-U15TEL8" failures="1" tests="13" name="com.qa.qatask.testCASES.DashboardTest" time="24.800" errors="0" timestamp="2021-08-16T12:40:55 CEST" skipped="1">
  <testcase classname="com.qa.qatask.testCASES.DashboardTest" name="verify_closeportal" time="0.774"/>
  <system-out/>
  <testcase classname="com.qa.qatask.testCASES.DashboardTest" name="verify_Title" time="0.018"/>
  <system-out/>
  <testcase classname="com.qa.qatask.testCASES.DashboardTest" name="verify_acceptCookies" time="0.835"/>
  <system-out/>
  <testcase classname="com.qa.qatask.testCASES.DashboardTest" name="verify_search" time="0.248"/>
  <system-out/>
  <testcase classname="com.qa.qatask.testCASES.DashboardTest" name="verify_clickNike" time="3.482"/>
  <system-out/>
  <testcase classname="com.qa.qatask.testCASES.DashboardTest" name="verify_isNikeTextPresent" time="1.434"/>
  <system-out/>
  <testcase classname="com.qa.qatask.testCASES.DashboardTest" name="verify_selectWomenShoes" time="4.794"/>
  <system-out/>
  <testcase classname="com.qa.qatask.testCASES.DashboardTest" name="verify_clearFilter" time="5.462"/>
  <system-out/>
  <testcase classname="com.qa.qatask.testCASES.DashboardTest" name="verify_sortByPriceClick" time="1.204"/>
  <system-out/>
  <testcase classname="com.qa.qatask.testCASES.DashboardTest" name="verify_clickPrice" time="0.310"/>
  <system-out/>
  <testcase classname="com.qa.qatask.testCASES.DashboardTest" name="verify_selectPriceRange" time="0.412"/>
  <system-out/>
  <testcase classname="com.qa.qatask.testCASES.DashboardTest" name="verify_itemsWithInpriceRangeData" time="5.827">
    <failure message="expected [true] but found [false]" type="java.lang.AssertionError">
      <![CDATA[java.lang.AssertionError: expected [true] but found [false]
at org.testng.Assert.fail(Assert.java:99)
at org.testng.Assert.failNotEquals(Assert.java:1037)
at org.testng.Assert.assertTrue(Assert.java:45)
at org.testng.Assert.assertTrue(Assert.java:55)
at com.qa.qatask.testCASES.DashboardTest.verify_itemsWithInpriceRangeData(DashboardTest.java:130)
at java.base/jdk.internal.reflect.NativeMethodAccessorImpl.invoke0(Native Method)
at java.base/jdk.internal.reflect.NativeMethodAccessorImpl.invoke(NativeMethodAccessorImpl.java:78)
at java.base/jdk.internal.reflect.DelegatingMethodAccessorImpl.invoke(DelegatingMethodAccessorImpl.java:43)
at java.base/java.lang.reflect.Method.invoke(Method.java:567)
at org.testng.internal.MethodInvocationHelper.invokeMethod(MethodInvocationHelper.java:133)
at org.testng.internal.TestInvoker.invokeMethod(TestInvoker.java:598)
at org.testng.internal.TestInvoker.invokeTestMethod(TestInvoker.java:173)
at org.testng.internal.MethodRunner.runInSequence(MethodRunner.java:46)
at org.testng.internal.TestInvoker$MethodInvocationAgent.invoke(TestInvoker.java:824)
at org.testng.internal.TestInvoker.invokeTestMethods(TestInvoker.java:146)
at org.testng.internal.TestMethodWorker.invokeTestMethods(TestMethodWorker.java:146)
at org.testng.internal.TestMethodWorker.run(TestMethodWorker.java:128)
at java.base/java.util.ArrayList.forEach(ArrayList.java:1511)
at org.testng.TestRunner.privateRun(TestRunner.java:794)
at org.testng.TestRunner.run(TestRunner.java:596)
at org.testng.SuiteRunner.runTest(SuiteRunner.java:377)
at org.testng.SuiteRunner.runSequentially(SuiteRunner.java:371)
at org.testng.SuiteRunner.privateRun(SuiteRunner.java:332)
at org.testng.SuiteRunner.run(SuiteRunner.java:276)
at org.testng.SuiteRunnerWorker.runSuite(SuiteRunnerWorker.java:53)
at org.testng.SuiteRunnerWorker.run(SuiteRunnerWorker.java:96)
at org.testng.TestNG.runSuitesSequentially(TestNG.java:1212)
at org.testng.TestNG.runSuitesLocally(TestNG.java:1134)
at org.testng.TestNG.runSuites(TestNG.java:1063)
at org.testng.TestNG.run(TestNG.java:1031)
at org.apache.maven.surefire.testng.TestNGExecutor.run(TestNGExecutor.java:283)
at org.apache.maven.surefire.testng.TestNGXmlTestSuite.execute(TestNGXmlTestSuite.java:75)
at org.apache.maven.surefire.testng.TestNGProvider.invoke(TestNGProvider.java:120)
at org.apache.maven.surefire.booter.ForkedBooter.invokeProviderInSameClassLoader(ForkedBooter.java:384)
at org.apache.maven.surefire.booter.ForkedBooter.runSuitesInProcess(ForkedBooter.java:345)
at org.apache.maven.surefire.booter.ForkedBooter.execute(ForkedBooter.java:126)
at org.apache.maven.surefire.booter.ForkedBooter.main(ForkedBooter.java:418)
]]>
    </failure>
  </testcase> <!-- verify_itemsWithInpriceRangeData -->
  <system-out/>
  <testcase classname="com.qa.qatask.testCASES.DashboardTest" name="verify_selectPortal">
    <skipped/>
  </testcase> <!-- verify_selectPortal -->
  <system-out/>
</testsuite> <!-- com.qa.qatask.testCASES.DashboardTest -->
